<?xml version="1.0" encoding="UTF-8"?>
<!-- Generated by org.testng.reporters.JUnitXMLReporter -->
<testsuite ignored="1" hostname="LAPTOP-EEVM9706" failures="0" tests="1" name="Test2" time="8.012" errors="0" timestamp="2025-02-26T13:54:43 IST">
  <testcase classname="test_scripts.Contact_Test" name="verifyTheUserIsabletoUpdatetheCurrentDetails" time="3.572"/>
  <testcase classname="test_scripts.Contact_Test" name="CheckwhethertheUpdateButtonisEnabled" time="0.0">
    <ignored/>
  </testcase> <!-- CheckwhethertheUpdateButtonisEnabled -->
</testsuite> <!-- Test2 -->
