<?xml version="1.0" encoding="UTF-8"?>
<!-- Generated by org.testng.reporters.JUnitXMLReporter -->
<testsuite ignored="4" hostname="LAPTOP-EEVM9706" failures="0" tests="1" name="Test1" time="7.231" errors="0" timestamp="2025-02-26T13:54:42 IST">
  <testcase classname="test_scripts.Login_Test" name="verifyTheUserIsabletoLoginusingvalidcredentials" time="2.457"/>
  <testcase classname="test_scripts.Login_Test" name="verifyTheUserisabletoLoginusingInvalidCredentials" time="0.0">
    <ignored/>
  </testcase> <!-- verifyTheUserisabletoLoginusingInvalidCredentials -->
  <testcase classname="test_scripts.Login_Test" name="verifyTheUserisabletoLoginusingInvaliduserandInvalidpassword" time="0.0">
    <ignored/>
  </testcase> <!-- verifyTheUserisabletoLoginusingInvaliduserandInvalidpassword -->
  <testcase classname="test_scripts.Login_Test" name="verifyTheUserisabletoLoginusingInvalidUsername" time="0.0">
    <ignored/>
  </testcase> <!-- verifyTheUserisabletoLoginusingInvalidUsername -->
  <testcase classname="test_scripts.Login_Test" name="verifyTheUserisabletoLoginUsinginvalidPassword" time="0.0">
    <ignored/>
  </testcase> <!-- verifyTheUserisabletoLoginUsinginvalidPassword -->
</testsuite> <!-- Test1 -->
