<?xml version="1.0" encoding="UTF-8"?>
<testng-results ignored="0" total="1" passed="1" failed="0" skipped="0">
  <reporter-output>
  </reporter-output>
  <suite started-at="2025-03-04T14:13:41 IST" name="Suite" finished-at="2025-03-04T14:13:47 IST" duration-ms="5775">
    <groups>
    </groups>
    <test started-at="2025-03-04T14:13:41 IST" name="Test" finished-at="2025-03-04T14:13:47 IST" duration-ms="5775">
      <class name="test_scripts.Login_Test">
        <test-method is-config="true" signature="intializebrowser(java.lang.String)[pri:0, instance:test_scripts.Login_Test@6f15d60e]" started-at="2025-03-04T14:13:41 IST" name="intializebrowser" finished-at="2025-03-04T14:13:45 IST" duration-ms="3270" status="PASS">
          <params>
            <param index="0">
              <value>
                <![CDATA[chrome]]>
              </value>
            </param>
          </params>
          <reporter-output>
          </reporter-output>
        </test-method> <!-- intializebrowser -->
        <test-method signature="verifyTheUserIsabletoLoginusingvalidcredentials()[pri:0, instance:test_scripts.Login_Test@6f15d60e]" started-at="2025-03-04T14:13:45 IST" name="verifyTheUserIsabletoLoginusingvalidcredentials" description=" verify that The User is Able to Login into THe Site " finished-at="2025-03-04T14:13:47 IST" duration-ms="2436" status="PASS">
          <reporter-output>
          </reporter-output>
        </test-method> <!-- verifyTheUserIsabletoLoginusingvalidcredentials -->
      </class> <!-- test_scripts.Login_Test -->
    </test> <!-- Test -->
  </suite> <!-- Suite -->
</testng-results>
