<?xml version="1.0" encoding="UTF-8"?>
<testng-results ignored="0" total="11" passed="10" failed="1" skipped="0">
  <reporter-output>
  </reporter-output>
  <suite started-at="2025-02-27T14:23:03 IST" name="Suite" finished-at="2025-02-27T14:25:06 IST" duration-ms="122961">
    <groups>
    </groups>
    <test started-at="2025-02-27T14:23:03 IST" name="Test" finished-at="2025-02-27T14:25:06 IST" duration-ms="122961">
      <class name="test_scripts.Subcategory_Test">
        <test-method is-config="true" signature="intializebrowser(java.lang.String)[pri:0, instance:test_scripts.Subcategory_Test@660acfb]" started-at="2025-02-27T14:24:17 IST" name="intializebrowser" finished-at="2025-02-27T14:24:25 IST" duration-ms="7680" status="PASS">
          <params>
            <param index="0">
              <value>
                <![CDATA[chrome]]>
              </value>
            </param>
          </params>
          <reporter-output>
          </reporter-output>
        </test-method> <!-- intializebrowser -->
        <test-method signature="verifyTheUserIsabletoAddDetailsWithImage()[pri:0, instance:test_scripts.Subcategory_Test@660acfb]" started-at="2025-02-27T14:24:25 IST" name="verifyTheUserIsabletoAddDetailsWithImage" description="verify That the User is Upload Image and Add some Details" finished-at="2025-02-27T14:24:33 IST" duration-ms="7761" status="PASS">
          <reporter-output>
          </reporter-output>
        </test-method> <!-- verifyTheUserIsabletoAddDetailsWithImage -->
      </class> <!-- test_scripts.Subcategory_Test -->
      <class name="test_scripts.Adminusers_Test">
        <test-method is-config="true" signature="intializebrowser(java.lang.String)[pri:0, instance:test_scripts.Adminusers_Test@475c9c31]" started-at="2025-02-27T14:23:04 IST" name="intializebrowser" finished-at="2025-02-27T14:23:09 IST" duration-ms="4958" status="PASS">
          <params>
            <param index="0">
              <value>
                <![CDATA[chrome]]>
              </value>
            </param>
          </params>
          <reporter-output>
          </reporter-output>
        </test-method> <!-- intializebrowser -->
        <test-method signature="verifyWhethertheSaveButtonisDisplayed(java.lang.String,java.lang.String)[pri:0, instance:test_scripts.Adminusers_Test@475c9c31]" started-at="2025-02-27T14:23:09 IST" name="verifyWhethertheSaveButtonisDisplayed" description="verify that the Save Button is Displayed" data-provider="LoginProvider" finished-at="2025-02-27T14:23:11 IST" duration-ms="1683" status="PASS">
          <params>
            <param index="0">
              <value>
                <![CDATA[admin]]>
              </value>
            </param>
            <param index="1">
              <value>
                <![CDATA[admin]]>
              </value>
            </param>
          </params>
          <reporter-output>
          </reporter-output>
        </test-method> <!-- verifyWhethertheSaveButtonisDisplayed -->
        <test-method is-config="true" signature="intializebrowser(java.lang.String)[pri:0, instance:test_scripts.Adminusers_Test@475c9c31]" started-at="2025-02-27T14:23:11 IST" name="intializebrowser" finished-at="2025-02-27T14:23:14 IST" duration-ms="3718" status="PASS">
          <params>
            <param index="0">
              <value>
                <![CDATA[chrome]]>
              </value>
            </param>
          </params>
          <reporter-output>
          </reporter-output>
        </test-method> <!-- intializebrowser -->
        <test-method signature="verifywhethertheUserisableviewtheAdminUsersList()[pri:0, instance:test_scripts.Adminusers_Test@475c9c31]" started-at="2025-02-27T14:23:14 IST" name="verifywhethertheUserisableviewtheAdminUsersList" description="verify that the Admin is able to create new Users Succesfully" finished-at="2025-02-27T14:23:19 IST" duration-ms="4141" status="PASS">
          <reporter-output>
          </reporter-output>
        </test-method> <!-- verifywhethertheUserisableviewtheAdminUsersList -->
      </class> <!-- test_scripts.Adminusers_Test -->
      <class name="test_scripts.Login_Test">
        <test-method is-config="true" signature="intializebrowser(java.lang.String)[pri:0, instance:test_scripts.Login_Test@5efa40fe]" started-at="2025-02-27T14:24:57 IST" name="intializebrowser" finished-at="2025-02-27T14:25:01 IST" duration-ms="4018" status="PASS">
          <params>
            <param index="0">
              <value>
                <![CDATA[chrome]]>
              </value>
            </param>
          </params>
          <reporter-output>
          </reporter-output>
        </test-method> <!-- intializebrowser -->
        <test-method signature="verifyTheUserIsabletoLoginusingvalidcredentials()[pri:0, instance:test_scripts.Login_Test@5efa40fe]" started-at="2025-02-27T14:25:01 IST" name="verifyTheUserIsabletoLoginusingvalidcredentials" description=" verify that The User is Able to Login into THe Site " finished-at="2025-02-27T14:25:06 IST" duration-ms="4395" status="PASS">
          <reporter-output>
          </reporter-output>
        </test-method> <!-- verifyTheUserIsabletoLoginusingvalidcredentials -->
      </class> <!-- test_scripts.Login_Test -->
      <class name="test_scripts.Product_Test">
        <test-method is-config="true" signature="intializebrowser(java.lang.String)[pri:0, instance:test_scripts.Product_Test@7486b455]" started-at="2025-02-27T14:24:10 IST" name="intializebrowser" finished-at="2025-02-27T14:24:13 IST" duration-ms="3260" status="PASS">
          <params>
            <param index="0">
              <value>
                <![CDATA[chrome]]>
              </value>
            </param>
          </params>
          <reporter-output>
          </reporter-output>
        </test-method> <!-- intializebrowser -->
        <test-method signature="verifywhethertheUserisabletoDeletetheProducts()[pri:0, instance:test_scripts.Product_Test@7486b455]" started-at="2025-02-27T14:24:13 IST" name="verifywhethertheUserisabletoDeletetheProducts" description=" verify That The User is Able to Delete The Items" finished-at="2025-02-27T14:24:17 IST" duration-ms="4138" status="PASS">
          <reporter-output>
          </reporter-output>
        </test-method> <!-- verifywhethertheUserisabletoDeletetheProducts -->
      </class> <!-- test_scripts.Product_Test -->
      <class name="test_scripts.Contact_Test">
        <test-method is-config="true" signature="intializebrowser(java.lang.String)[pri:0, instance:test_scripts.Contact_Test@798162bc]" started-at="2025-02-27T14:23:19 IST" name="intializebrowser" finished-at="2025-02-27T14:23:22 IST" duration-ms="3369" status="PASS">
          <params>
            <param index="0">
              <value>
                <![CDATA[chrome]]>
              </value>
            </param>
          </params>
          <reporter-output>
          </reporter-output>
        </test-method> <!-- intializebrowser -->
        <test-method signature="checkwhethertheUpdateButtonisEnabled()[pri:0, instance:test_scripts.Contact_Test@798162bc]" started-at="2025-02-27T14:23:22 IST" name="checkwhethertheUpdateButtonisEnabled" description="verify That the Update Button is Displayed" finished-at="2025-02-27T14:23:26 IST" duration-ms="4028" status="PASS">
          <reporter-output>
          </reporter-output>
        </test-method> <!-- checkwhethertheUpdateButtonisEnabled -->
        <test-method is-config="true" signature="intializebrowser(java.lang.String)[pri:0, instance:test_scripts.Contact_Test@798162bc]" started-at="2025-02-27T14:23:26 IST" name="intializebrowser" finished-at="2025-02-27T14:23:30 IST" duration-ms="3735" status="PASS">
          <params>
            <param index="0">
              <value>
                <![CDATA[chrome]]>
              </value>
            </param>
          </params>
          <reporter-output>
          </reporter-output>
        </test-method> <!-- intializebrowser -->
        <test-method signature="verifyTheUserIsabletoUpdatetheCurrentDetails()[pri:0, instance:test_scripts.Contact_Test@798162bc]" started-at="2025-02-27T14:23:30 IST" name="verifyTheUserIsabletoUpdatetheCurrentDetails" description="verify that User is Able to Change the Phone number  and Delivery Time" finished-at="2025-02-27T14:23:31 IST" duration-ms="800" status="FAIL">
          <exception class="java.lang.NullPointerException">
            <message>
              <![CDATA[Cannot invoke "org.apache.poi.xssf.usermodel.XSSFSheet.getRow(int)" because "utilities.Excel_Utility.sh" is null]]>
            </message>
            <full-stacktrace>
              <![CDATA[java.lang.NullPointerException: Cannot invoke "org.apache.poi.xssf.usermodel.XSSFSheet.getRow(int)" because "utilities.Excel_Utility.sh" is null
at utilities.Excel_Utility.getIntegerData(Excel_Utility.java:35)
at test_scripts.Contact_Test.verifyTheUserIsabletoUpdatetheCurrentDetails(Contact_Test.java:20)
at java.base/jdk.internal.reflect.NativeMethodAccessorImpl.invoke0(Native Method)
at java.base/jdk.internal.reflect.NativeMethodAccessorImpl.invoke(NativeMethodAccessorImpl.java:77)
at java.base/jdk.internal.reflect.DelegatingMethodAccessorImpl.invoke(DelegatingMethodAccessorImpl.java:43)
at java.base/java.lang.reflect.Method.invoke(Method.java:568)
at org.testng.internal.invokers.MethodInvocationHelper.invokeMethod(MethodInvocationHelper.java:139)
at org.testng.internal.invokers.TestInvoker.invokeMethod(TestInvoker.java:664)
at org.testng.internal.invokers.TestInvoker.invokeTestMethod(TestInvoker.java:227)
at org.testng.internal.invokers.MethodRunner.runInSequence(MethodRunner.java:50)
at org.testng.internal.invokers.TestInvoker$MethodInvocationAgent.invoke(TestInvoker.java:957)
at org.testng.internal.invokers.TestInvoker.invokeTestMethods(TestInvoker.java:200)
at org.testng.internal.invokers.TestMethodWorker.invokeTestMethods(TestMethodWorker.java:148)
at org.testng.internal.invokers.TestMethodWorker.run(TestMethodWorker.java:128)
at java.base/java.util.ArrayList.forEach(ArrayList.java:1511)
at org.testng.TestRunner.privateRun(TestRunner.java:848)
at org.testng.TestRunner.run(TestRunner.java:621)
at org.testng.SuiteRunner.runTest(SuiteRunner.java:443)
at org.testng.SuiteRunner.runSequentially(SuiteRunner.java:437)
at org.testng.SuiteRunner.privateRun(SuiteRunner.java:397)
at org.testng.SuiteRunner.run(SuiteRunner.java:336)
at org.testng.SuiteRunnerWorker.runSuite(SuiteRunnerWorker.java:52)
at org.testng.SuiteRunnerWorker.run(SuiteRunnerWorker.java:95)
at org.testng.TestNG.runSuitesSequentially(TestNG.java:1280)
at org.testng.TestNG.runSuitesLocally(TestNG.java:1200)
at org.testng.TestNG.runSuites(TestNG.java:1114)
at org.testng.TestNG.run(TestNG.java:1082)
at org.testng.remote.AbstractRemoteTestNG.run(AbstractRemoteTestNG.java:115)
at org.testng.remote.RemoteTestNG.initAndRun(RemoteTestNG.java:293)
at org.testng.remote.RemoteTestNG.main(RemoteTestNG.java:91)
]]>
            </full-stacktrace>
          </exception> <!-- java.lang.NullPointerException -->
          <reporter-output>
          </reporter-output>
        </test-method> <!-- verifyTheUserIsabletoUpdatetheCurrentDetails -->
      </class> <!-- test_scripts.Contact_Test -->
      <class name="test_scripts.Footer_Test">
        <test-method is-config="true" signature="intializebrowser(java.lang.String)[pri:0, instance:test_scripts.Footer_Test@1df8da7a]" started-at="2025-02-27T14:23:31 IST" name="intializebrowser" finished-at="2025-02-27T14:23:36 IST" duration-ms="5676" status="PASS">
          <params>
            <param index="0">
              <value>
                <![CDATA[chrome]]>
              </value>
            </param>
          </params>
          <reporter-output>
          </reporter-output>
        </test-method> <!-- intializebrowser -->
        <test-method signature="checkwhethertheUpdateButtonisEnabled()[pri:0, instance:test_scripts.Footer_Test@1df8da7a]" started-at="2025-02-27T14:23:36 IST" name="checkwhethertheUpdateButtonisEnabled" description="verify The Update button is Displayed" finished-at="2025-02-27T14:23:41 IST" duration-ms="4385" status="PASS">
          <reporter-output>
          </reporter-output>
        </test-method> <!-- checkwhethertheUpdateButtonisEnabled -->
        <test-method is-config="true" signature="intializebrowser(java.lang.String)[pri:0, instance:test_scripts.Footer_Test@1df8da7a]" started-at="2025-02-27T14:23:41 IST" name="intializebrowser" finished-at="2025-02-27T14:23:47 IST" duration-ms="6437" status="PASS">
          <params>
            <param index="0">
              <value>
                <![CDATA[chrome]]>
              </value>
            </param>
          </params>
          <reporter-output>
          </reporter-output>
        </test-method> <!-- intializebrowser -->
        <test-method signature="verifyTheUserIsabletoUpdatetheCurrentDetails()[pri:0, instance:test_scripts.Footer_Test@1df8da7a]" started-at="2025-02-27T14:23:47 IST" name="verifyTheUserIsabletoUpdatetheCurrentDetails" description="verify That the USer is Able to Update the Details on Footer Page Successfully" finished-at="2025-02-27T14:23:53 IST" duration-ms="6080" status="PASS">
          <reporter-output>
          </reporter-output>
        </test-method> <!-- verifyTheUserIsabletoUpdatetheCurrentDetails -->
      </class> <!-- test_scripts.Footer_Test -->
      <class name="test_scripts.LogOut_Test">
        <test-method is-config="true" signature="intializebrowser(java.lang.String)[pri:0, instance:test_scripts.LogOut_Test@23941fb4]" started-at="2025-02-27T14:23:53 IST" name="intializebrowser" finished-at="2025-02-27T14:24:05 IST" duration-ms="11487" status="PASS">
          <params>
            <param index="0">
              <value>
                <![CDATA[chrome]]>
              </value>
            </param>
          </params>
          <reporter-output>
          </reporter-output>
        </test-method> <!-- intializebrowser -->
        <test-method signature="verifywhethertheUserisabletoLogOut()[pri:0, instance:test_scripts.LogOut_Test@23941fb4]" started-at="2025-02-27T14:24:05 IST" name="verifywhethertheUserisabletoLogOut" description="verify if the USer is able to LogOut Succesfully" finished-at="2025-02-27T14:24:10 IST" duration-ms="5225" status="PASS">
          <reporter-output>
          </reporter-output>
        </test-method> <!-- verifywhethertheUserisabletoLogOut -->
      </class> <!-- test_scripts.LogOut_Test -->
      <class name="test_scripts.ManageNews_Test">
        <test-method is-config="true" signature="intializebrowser(java.lang.String)[pri:0, instance:test_scripts.ManageNews_Test@5d908d47]" started-at="2025-02-27T14:24:33 IST" name="intializebrowser" finished-at="2025-02-27T14:24:45 IST" duration-ms="12579" status="PASS">
          <params>
            <param index="0">
              <value>
                <![CDATA[chrome]]>
              </value>
            </param>
          </params>
          <reporter-output>
          </reporter-output>
        </test-method> <!-- intializebrowser -->
        <test-method signature="verifyTheUserIsabletoLoginSuccessfully()[pri:0, instance:test_scripts.ManageNews_Test@5d908d47]" started-at="2025-02-27T14:24:45 IST" name="verifyTheUserIsabletoLoginSuccessfully" description=" verify that User can Create News Successfully" finished-at="2025-02-27T14:24:57 IST" duration-ms="11988" status="PASS">
          <reporter-output>
          </reporter-output>
        </test-method> <!-- verifyTheUserIsabletoLoginSuccessfully -->
      </class> <!-- test_scripts.ManageNews_Test -->
    </test> <!-- Test -->
  </suite> <!-- Suite -->
</testng-results>
